生成启动时间为 2016/12/2 11:18:14。
     1>项目“D:\Microsoft Visual Studio 10.0\离散数学\Dijkstra算法求最短路径\Dijkstra算法求最短路径\Dijkstra算法求最短路径.vcxproj”在节点 2 上(build 个目标)。
     1>InitializeBuildStatus:
         正在创建“Debug\Dijkstra算法求最短路径.unsuccessfulbuild”，因为已指定“AlwaysCreate”。
       ClCompile:
         d:\Microsoft Visual Studio 10.0\VC\bin\CL.exe /c /ZI /nologo /W3 /WX- /Od /Oy- /D _UNICODE /D UNICODE /Gm /EHsc /RTC1 /MDd /GS /fp:precise /Zc:wchar_t /Zc:forScope /Fo"Debug\\" /Fd"Debug\vc100.pdb" /Gd /TP /analyze- /errorReport:prompt main.cpp
         main.cpp
     1>d:\microsoft visual studio 10.0\离散数学\dijkstra算法求最短路径\dijkstra算法求最短路径\main.cpp(36): warning C4244: “参数”: 从“int”转换到“float”，可能丢失数据
     1>d:\microsoft visual studio 10.0\离散数学\dijkstra算法求最短路径\dijkstra算法求最短路径\main.cpp(37): warning C4244: “参数”: 从“int”转换到“float”，可能丢失数据
     1>d:\microsoft visual studio 10.0\离散数学\dijkstra算法求最短路径\dijkstra算法求最短路径\main.cpp(39): warning C4244: “参数”: 从“int”转换到“float”，可能丢失数据
     1>d:\microsoft visual studio 10.0\离散数学\dijkstra算法求最短路径\dijkstra算法求最短路径\main.cpp(61): warning C4244: “参数”: 从“int”转换到“float”，可能丢失数据
     1>d:\microsoft visual studio 10.0\离散数学\dijkstra算法求最短路径\dijkstra算法求最短路径\main.cpp(69): warning C4244: “参数”: 从“int”转换到“float”，可能丢失数据
     1>d:\microsoft visual studio 10.0\离散数学\dijkstra算法求最短路径\dijkstra算法求最短路径\main.cpp(72): warning C4244: “参数”: 从“int”转换到“float”，可能丢失数据
     1>d:\microsoft visual studio 10.0\离散数学\dijkstra算法求最短路径\dijkstra算法求最短路径\main.cpp(86): warning C4244: “参数”: 从“float”转换到“int”，可能丢失数据
     1>d:\microsoft visual studio 10.0\离散数学\dijkstra算法求最短路径\dijkstra算法求最短路径\main.cpp(87): warning C4244: “参数”: 从“float”转换到“int”，可能丢失数据
     1>d:\microsoft visual studio 10.0\离散数学\dijkstra算法求最短路径\dijkstra算法求最短路径\main.cpp(102): warning C4244: “=”: 从“float”转换到“int”，可能丢失数据
     1>d:\microsoft visual studio 10.0\离散数学\dijkstra算法求最短路径\dijkstra算法求最短路径\main.cpp(103): warning C4244: “=”: 从“float”转换到“int”，可能丢失数据
     1>d:\microsoft visual studio 10.0\离散数学\dijkstra算法求最短路径\dijkstra算法求最短路径\main.cpp(106): warning C4244: “=”: 从“float”转换到“int”，可能丢失数据
     1>d:\microsoft visual studio 10.0\离散数学\dijkstra算法求最短路径\dijkstra算法求最短路径\main.cpp(107): warning C4244: “=”: 从“float”转换到“int”，可能丢失数据
     1>d:\microsoft visual studio 10.0\离散数学\dijkstra算法求最短路径\dijkstra算法求最短路径\main.cpp(113): warning C4244: “参数”: 从“int”转换到“float”，可能丢失数据
     1>d:\microsoft visual studio 10.0\离散数学\dijkstra算法求最短路径\dijkstra算法求最短路径\main.cpp(114): warning C4244: “参数”: 从“int”转换到“float”，可能丢失数据
     1>d:\microsoft visual studio 10.0\离散数学\dijkstra算法求最短路径\dijkstra算法求最短路径\main.cpp(134): warning C4244: “参数”: 从“int”转换到“float”，可能丢失数据
     1>d:\microsoft visual studio 10.0\离散数学\dijkstra算法求最短路径\dijkstra算法求最短路径\main.cpp(134): warning C4244: “参数”: 从“float”转换到“int”，可能丢失数据
     1>d:\microsoft visual studio 10.0\离散数学\dijkstra算法求最短路径\dijkstra算法求最短路径\main.cpp(135): warning C4244: “参数”: 从“int”转换到“float”，可能丢失数据
     1>d:\microsoft visual studio 10.0\离散数学\dijkstra算法求最短路径\dijkstra算法求最短路径\main.cpp(135): warning C4244: “参数”: 从“float”转换到“int”，可能丢失数据
     1>d:\microsoft visual studio 10.0\离散数学\dijkstra算法求最短路径\dijkstra算法求最短路径\main.cpp(172): warning C4244: “参数”: 从“float”转换到“int”，可能丢失数据
     1>d:\microsoft visual studio 10.0\离散数学\dijkstra算法求最短路径\dijkstra算法求最短路径\main.cpp(173): warning C4244: “初始化”: 从“float”转换到“int”，可能丢失数据
     1>d:\microsoft visual studio 10.0\离散数学\dijkstra算法求最短路径\dijkstra算法求最短路径\main.cpp(174): warning C4244: “参数”: 从“float”转换到“int”，可能丢失数据
     1>d:\microsoft visual studio 10.0\离散数学\dijkstra算法求最短路径\dijkstra算法求最短路径\main.cpp(174): warning C4244: “初始化”: 从“float”转换到“int”，可能丢失数据
     1>d:\microsoft visual studio 10.0\离散数学\dijkstra算法求最短路径\dijkstra算法求最短路径\main.cpp(185): warning C4244: “参数”: 从“int”转换到“float”，可能丢失数据
     1>d:\microsoft visual studio 10.0\离散数学\dijkstra算法求最短路径\dijkstra算法求最短路径\main.cpp(187): warning C4244: “参数”: 从“int”转换到“float”，可能丢失数据
     1>d:\microsoft visual studio 10.0\离散数学\dijkstra算法求最短路径\dijkstra算法求最短路径\main.cpp(189): warning C4244: “参数”: 从“int”转换到“float”，可能丢失数据
     1>d:\microsoft visual studio 10.0\离散数学\dijkstra算法求最短路径\dijkstra算法求最短路径\main.cpp(217): warning C4244: “参数”: 从“float”转换到“int”，可能丢失数据
     1>d:\microsoft visual studio 10.0\离散数学\dijkstra算法求最短路径\dijkstra算法求最短路径\main.cpp(218): warning C4244: “=”: 从“float”转换到“int”，可能丢失数据
       Link:
         d:\Microsoft Visual Studio 10.0\VC\bin\link.exe /ERRORREPORT:PROMPT /OUT:"D:\Microsoft Visual Studio 10.0\离散数学\Dijkstra算法求最短路径\Debug\Dijkstra算法求最短路径.exe" /NOLOGO kernel32.lib user32.lib gdi32.lib winspool.lib comdlg32.lib advapi32.lib shell32.lib ole32.lib oleaut32.lib uuid.lib odbc32.lib odbccp32.lib /MANIFEST /ManifestFile:"Debug\Dijkstra算法求最短路径.exe.intermediate.manifest" /MANIFESTUAC:"level='asInvoker' uiAccess='false'" /DEBUG /PDB:"D:\Microsoft Visual Studio 10.0\离散数学\Dijkstra算法求最短路径\Debug\Dijkstra算法求最短路径.pdb" /TLBID:1 /DYNAMICBASE /NXCOMPAT /IMPLIB:"D:\Microsoft Visual Studio 10.0\离散数学\Dijkstra算法求最短路径\Debug\Dijkstra算法求最短路径.lib" /MACHINE:X86 Debug\main.obj
         Debug\_Matrix.obj
         LINK : 没有找到 D:\Microsoft Visual Studio 10.0\离散数学\Dijkstra算法求最短路径\Debug\Dijkstra算法求最短路径.exe 或上一个增量链接没有生成它；正在执行完全链接
         Dijkstra算法求最短路径.vcxproj -> D:\Microsoft Visual Studio 10.0\离散数学\Dijkstra算法求最短路径\Debug\Dijkstra算法求最短路径.exe
       Manifest:
         C:\Program Files (x86)\Microsoft SDKs\Windows\v7.0A\bin\mt.exe /nologo /verbose /outputresource:"D:\Microsoft Visual Studio 10.0\离散数学\Dijkstra算法求最短路径\Debug\Dijkstra算法求最短路径.exe;#1" /manifest "Debug\Dijkstra算法求最短路径.exe.intermediate.manifest"
       FinalizeBuildStatus:
         正在删除文件“Debug\Dijkstra算法求最短路径.unsuccessfulbuild”。
         正在对“Debug\Dijkstra算法求最短路径.lastbuildstate”执行 Touch 任务。
     1>已完成生成项目“D:\Microsoft Visual Studio 10.0\离散数学\Dijkstra算法求最短路径\Dijkstra算法求最短路径\Dijkstra算法求最短路径.vcxproj”(build 个目标)的操作。

生成成功。

已用时间 00:00:02.24
